<?xml version="1.0" encoding="UTF-8"?>
<!-- Generated by org.testng.reporters.JUnitReportReporter -->
<testsuite hostname="Uday" failures="0" tests="2" name="CreatingTestCase.TestCase1" time="0.013" errors="0" timestamp="2021-02-02T18:18:36 IST" skipped="0">
  <testcase classname="CreatingTestCase.TestCase1" name="doLogin" time="0.010"/>
  <system-out/>
  <testcase classname="CreatingTestCase.TestCase1" name="doUserReg" time="0.003"/>
  <system-out/>
</testsuite> <!-- CreatingTestCase.TestCase1 -->
