<?xml version="1.0" encoding="UTF-8"?>
<!-- Generated by org.testng.reporters.JUnitReportReporter -->
<testsuite hostname="Uday" failures="0" tests="2" name="CreatingTestCase.GroupInTestNG" time="0.017" errors="0" timestamp="2021-02-03T10:49:58 IST" skipped="0">
  <testcase classname="CreatingTestCase.GroupInTestNG" name="Test2" time="0.003"/>
  <system-out/>
  <testcase classname="CreatingTestCase.GroupInTestNG" name="Test1" time="0.014"/>
  <system-out/>
</testsuite> <!-- CreatingTestCase.GroupInTestNG -->
