<?xml version="1.0" encoding="UTF-8"?>
<!-- Generated by org.testng.reporters.JUnitReportReporter -->
<testsuite hostname="Uday" failures="0" tests="3" name="CreatingTestCase.TestNGAsseration" time="0.021" errors="0" timestamp="2021-02-02T19:36:20 IST" skipped="0">
  <testcase classname="CreatingTestCase.TestNGAsseration" name="Test3" time="0.002"/>
  <system-out/>
  <testcase classname="CreatingTestCase.TestNGAsseration" name="Test1" time="0.015"/>
  <system-out/>
  <testcase classname="CreatingTestCase.TestNGAsseration" name="Test2" time="0.004"/>
  <system-out/>
</testsuite> <!-- CreatingTestCase.TestNGAsseration -->
